{"level":"info","message":"/api/session/github - method: GET"}
{"level":"info","message":"/api/session/githubcallback?code=ffb85333b8f51ba99351 - method: GET"}
{"level":"info","message":"/products - method: GET"}
{"level":"info","message":"/ - method: GET"}
{"level":"info","message":"/login - method: GET"}
{"level":"info","message":"/js/login.js - method: GET"}
{"level":"info","message":"/favicon.ico - method: GET"}
{"level":"info","message":"/api/session/github - method: GET"}
{"level":"info","message":"/api/session/githubcallback?code=e85bfc50a8aa37529b63 - method: GET"}
{"level":"info","message":"/products - method: GET"}
{"level":"info","message":"/ - method: GET"}
{"level":"info","message":"/api/session/logout - method: GET"}
{"level":"info","message":"/login - method: GET"}
{"level":"info","message":"/js/login.js - method: GET"}
{"level":"info","message":"/api/session/github - method: GET"}
{"level":"info","message":"/api/session/githubcallback?code=39548460ddedb4ab6370 - method: GET"}
{"level":"info","message":"/products - method: GET"}
{"level":"info","message":"/ - method: GET"}
{"level":"info","message":"/api/session/logout - method: GET"}
{"level":"info","message":"/login - method: GET"}
{"level":"info","message":"/js/login.js - method: GET"}
{"level":"info","message":"/api/session/github - method: GET"}
{"level":"info","message":"/api/session/githubcallback?code=1bf9665090ef3916a357 - method: GET"}
{"level":"info","message":"/products - method: GET"}
{"level":"info","message":"/ - method: GET"}
{"level":"info","message":"/api/session/logout - method: GET"}
{"level":"info","message":"/login - method: GET"}
{"level":"info","message":"/js/login.js - method: GET"}
{"level":"error","message":"/api/session/github - method: GET"}
{"level":"error","message":"/api/session/githubcallback?code=1c3446ca78bffea95b18 - method: GET"}
{"level":"error","message":"/products - method: GET"}
